<?xml version="1.0" encoding="UTF-8"?>
<!-- Generated by org.testng.reporters.JUnitXMLReporter -->
<testsuite ignored="1" hostname="NAZRUL" failures="0" tests="8" name="Default test" time="0.059" errors="0" timestamp="2023-11-03T21:44:28 EDT">
  <testcase classname="com.testng.practice.PracticeTestngMathods" name="login" time="0.008"/>
  <testcase classname="com.testng.practice.PracticeTestngMathods" name="login" time="0.001"/>
  <testcase classname="com.testng.practice.PracticeTestngMathods" name="login" time="0.001"/>
  <testcase classname="com.testng.practice.PracticeTestngMathods" name="login" time="0.0"/>
  <testcase classname="com.testng.practice.PracticeTestngMathods" name="login" time="0.0"/>
  <testcase classname="com.testng.practice.PracticeTestngMathods" name="dress" time="0.0"/>
  <testcase classname="com.testng.practice.PracticeTestngMathods" name="cart" time="0.001"/>
  <testcase classname="com.testng.practice.PracticeTestngMathods" name="placeOrder" time="0.001"/>
  <testcase classname="com.testng.practice.PracticeTestngMathods" name="payment" time="0.0">
    <ignored/>
  </testcase> <!-- payment -->
</testsuite> <!-- Default test -->
