<?xml version="1.0" encoding="UTF-8"?>
<testng-results ignored="0" total="8" passed="8" failed="0" skipped="0">
  <reporter-output>
  </reporter-output>
  <suite started-at="2023-11-03T21:44:27 EDT" name="Default suite" finished-at="2023-11-03T21:44:28 EDT" duration-ms="59">
    <groups>
      <group name="Regression">
        <method signature="PracticeTestngMathods.dress()[pri:1, instance:com.testng.practice.PracticeTestngMathods@68567e20]" name="dress" class="com.testng.practice.PracticeTestngMathods"/>
      </group> <!-- Regression -->
      <group name="smoke">
        <method signature="PracticeTestngMathods.login()[pri:0, instance:com.testng.practice.PracticeTestngMathods@68567e20]" name="login" class="com.testng.practice.PracticeTestngMathods"/>
        <method signature="PracticeTestngMathods.cart()[pri:2, instance:com.testng.practice.PracticeTestngMathods@68567e20]" name="cart" class="com.testng.practice.PracticeTestngMathods"/>
      </group> <!-- smoke -->
      <group name="Smoke">
        <method signature="PracticeTestngMathods.dress()[pri:1, instance:com.testng.practice.PracticeTestngMathods@68567e20]" name="dress" class="com.testng.practice.PracticeTestngMathods"/>
      </group> <!-- Smoke -->
    </groups>
    <test started-at="2023-11-03T21:44:27 EDT" name="Default test" finished-at="2023-11-03T21:44:28 EDT" duration-ms="59">
      <class name="com.testng.practice.PracticeTestngMathods">
        <test-method signature="login()[pri:0, instance:com.testng.practice.PracticeTestngMathods@68567e20]" started-at="2023-11-03T21:44:28 EDT" name="login" finished-at="2023-11-03T21:44:28 EDT" duration-ms="8" status="PASS">
          <reporter-output>
          </reporter-output>
        </test-method> <!-- login -->
        <test-method signature="login()[pri:0, instance:com.testng.practice.PracticeTestngMathods@68567e20]" started-at="2023-11-03T21:44:28 EDT" name="login" finished-at="2023-11-03T21:44:28 EDT" duration-ms="1" status="PASS">
          <reporter-output>
          </reporter-output>
        </test-method> <!-- login -->
        <test-method signature="login()[pri:0, instance:com.testng.practice.PracticeTestngMathods@68567e20]" started-at="2023-11-03T21:44:28 EDT" name="login" finished-at="2023-11-03T21:44:28 EDT" duration-ms="1" status="PASS">
          <reporter-output>
          </reporter-output>
        </test-method> <!-- login -->
        <test-method signature="login()[pri:0, instance:com.testng.practice.PracticeTestngMathods@68567e20]" started-at="2023-11-03T21:44:28 EDT" name="login" finished-at="2023-11-03T21:44:28 EDT" duration-ms="0" status="PASS">
          <reporter-output>
          </reporter-output>
        </test-method> <!-- login -->
        <test-method signature="login()[pri:0, instance:com.testng.practice.PracticeTestngMathods@68567e20]" started-at="2023-11-03T21:44:28 EDT" name="login" finished-at="2023-11-03T21:44:28 EDT" duration-ms="0" status="PASS">
          <reporter-output>
          </reporter-output>
        </test-method> <!-- login -->
        <test-method signature="dress()[pri:1, instance:com.testng.practice.PracticeTestngMathods@68567e20]" started-at="2023-11-03T21:44:28 EDT" name="dress" finished-at="2023-11-03T21:44:28 EDT" depends-on-methods="com.testng.practice.PracticeTestngMathods.login" duration-ms="0" status="PASS">
          <reporter-output>
          </reporter-output>
        </test-method> <!-- dress -->
        <test-method signature="cart()[pri:2, instance:com.testng.practice.PracticeTestngMathods@68567e20]" started-at="2023-11-03T21:44:28 EDT" name="cart" finished-at="2023-11-03T21:44:28 EDT" depends-on-methods="com.testng.practice.PracticeTestngMathods.dress" duration-ms="1" status="PASS">
          <reporter-output>
          </reporter-output>
        </test-method> <!-- cart -->
        <test-method signature="placeOrder()[pri:4, instance:com.testng.practice.PracticeTestngMathods@68567e20]" started-at="2023-11-03T21:44:28 EDT" name="placeOrder" finished-at="2023-11-03T21:44:28 EDT" duration-ms="1" status="PASS">
          <reporter-output>
          </reporter-output>
        </test-method> <!-- placeOrder -->
      </class> <!-- com.testng.practice.PracticeTestngMathods -->
    </test> <!-- Default test -->
  </suite> <!-- Default suite -->
</testng-results>
